<?xml version="1.0" encoding="UTF-8"?>
<testsuite name="org.code.neighborhood.support.GridSquareTest" tests="16" skipped="0" failures="0" errors="0" timestamp="2025-03-22T18:10:19" hostname="MOLC02H4J6CQ6L4" time="0.006">
  <properties/>
  <testcase name="containsPaint()" classname="org.code.neighborhood.support.GridSquareTest" time="0.001"/>
  <testcase name="finishTileTypePassable()" classname="org.code.neighborhood.support.GridSquareTest" time="0.0"/>
  <testcase name="setColorChecksColorFormatBeforeSettingColor()" classname="org.code.neighborhood.support.GridSquareTest" time="0.0"/>
  <testcase name="setColorThrowsExceptionIfThereIsPaint()" classname="org.code.neighborhood.support.GridSquareTest" time="0.0"/>
  <testcase name="constructorWithValueProvidedSetsPaintCount()" classname="org.code.neighborhood.support.GridSquareTest" time="0.0"/>
  <testcase name="obstaclesNotPassable()" classname="org.code.neighborhood.support.GridSquareTest" time="0.0"/>
  <testcase name="removePaint()" classname="org.code.neighborhood.support.GridSquareTest" time="0.001"/>
  <testcase name="hasColor()" classname="org.code.neighborhood.support.GridSquareTest" time="0.0"/>
  <testcase name="wallsNotPassable()" classname="org.code.neighborhood.support.GridSquareTest" time="0.0"/>
  <testcase name="unknownTileTypeNotPassable()" classname="org.code.neighborhood.support.GridSquareTest" time="0.0"/>
  <testcase name="defaultPaintCountIsNoPaint()" classname="org.code.neighborhood.support.GridSquareTest" time="0.0"/>
  <testcase name="removePaintPrintsErrorWhenNoPaint()" classname="org.code.neighborhood.support.GridSquareTest" time="0.0"/>
  <testcase name="startAndFinishTileTypePassable()" classname="org.code.neighborhood.support.GridSquareTest" time="0.001"/>
  <testcase name="collectPaint()" classname="org.code.neighborhood.support.GridSquareTest" time="0.0"/>
  <testcase name="openTileTypePassable()" classname="org.code.neighborhood.support.GridSquareTest" time="0.0"/>
  <testcase name="startTileTypePassable()" classname="org.code.neighborhood.support.GridSquareTest" time="0.001"/>
  <system-out><![CDATA[]]></system-out>
  <system-err><![CDATA[]]></system-err>
</testsuite>
