<?xml version="1.0" encoding="UTF-8"?>
<testsuite name="org.code.neighborhood.support.GridTest" tests="4" skipped="0" failures="0" errors="0" timestamp="2025-03-22T18:10:19" hostname="MOLC02H4J6CQ6L4" time="0.001">
  <properties/>
  <testcase name="getSquareThrowsErrorForInvalidLocation()" classname="org.code.neighborhood.support.GridTest" time="0.0"/>
  <testcase name="validLocationReturnsFalseForInvalidLocations()" classname="org.code.neighborhood.support.GridTest" time="0.0"/>
  <testcase name="getSquareReturnsSquareForValidLocation()" classname="org.code.neighborhood.support.GridTest" time="0.0"/>
  <testcase name="constructorBuildsGrid()" classname="org.code.neighborhood.support.GridTest" time="0.001"/>
  <system-out><![CDATA[]]></system-out>
  <system-err><![CDATA[]]></system-err>
</testsuite>
