<?xml version="1.0" encoding="UTF-8"?>
<testsuite name="org.code.neighborhood.support.GridFactoryTest" tests="9" skipped="0" failures="0" errors="0" timestamp="2025-03-22T18:10:19" hostname="MOLC02H4J6CQ6L4" time="0.003">
  <properties/>
  <testcase name="createGridFromStringWithInvalidJSONThrowsException()" classname="org.code.neighborhood.support.GridFactoryTest" time="0.001"/>
  <testcase name="createGridFromStringWithInvalidAssetIdThrowsException()" classname="org.code.neighborhood.support.GridFactoryTest" time="0.0"/>
  <testcase name="createGridFromStringWithInvalidGridShapeThrowsException()" classname="org.code.neighborhood.support.GridFactoryTest" time="0.001"/>
  <testcase name="createGridFromNotSquareGridThrowsException()" classname="org.code.neighborhood.support.GridFactoryTest" time="0.0"/>
  <testcase name="createGridFromStringWithInvalidValueThrowsException()" classname="org.code.neighborhood.support.GridFactoryTest" time="0.0"/>
  <testcase name="createGridFromString()" classname="org.code.neighborhood.support.GridFactoryTest" time="0.001"/>
  <testcase name="createEmptyGrid()" classname="org.code.neighborhood.support.GridFactoryTest" time="0.0"/>
  <testcase name="creatingEmptyGridThrowsException()" classname="org.code.neighborhood.support.GridFactoryTest" time="0.0"/>
  <testcase name="createGridFromStringWithInvalidTileTypeThrowsException()" classname="org.code.neighborhood.support.GridFactoryTest" time="0.0"/>
  <system-out><![CDATA[]]></system-out>
  <system-err><![CDATA[]]></system-err>
</testsuite>
