<?xml version="1.0" encoding="UTF-8"?>
<testsuite name="org.code.neighborhood.support.DirectionTest" tests="4" skipped="0" failures="0" errors="0" timestamp="2025-03-22T18:10:19" hostname="MOLC02H4J6CQ6L4" time="0.001">
  <properties/>
  <testcase name="facesWestAfterTurningLeftFromNorth()" classname="org.code.neighborhood.support.DirectionTest" time="0.0"/>
  <testcase name="throwsErrorIfBadDirectionGiven()" classname="org.code.neighborhood.support.DirectionTest" time="0.0"/>
  <testcase name="constructorIgnoresCase()" classname="org.code.neighborhood.support.DirectionTest" time="0.001"/>
  <testcase name="facesNorthAfterTurningLeftFromEast()" classname="org.code.neighborhood.support.DirectionTest" time="0.0"/>
  <system-out><![CDATA[]]></system-out>
  <system-err><![CDATA[]]></system-err>
</testsuite>
